<?xml version="1.0" encoding="UTF-8" ?>
<testsuites disabled="0" errors="0" failures="1" tests="2" time="11.369">
 <testsuite name="demo calculator tests" timestamp="2022-02-24T18:15:51" hostname="localhost" time="5.679" errors="0" tests="1" skipped="0" disabled="0" failures="0">
  <testcase classname="demo calculator tests" name="addition test" time="5.677" />
 </testsuite>
 <testsuite name="demo calculator test2" timestamp="2022-02-24T18:15:56" hostname="localhost" time="5.69" errors="0" tests="1" skipped="0" disabled="0" failures="1">
  <testcase classname="demo calculator test2" name="subtraction test" time="5.689">
   <failure type="toEqual" message="Expected &apos;43&apos; to equal &apos;11&apos;."><![CDATA[Error: Failed expectation
    at homepage.verifyOutcome (/Users/user/IdeaProjects/rashid-protractor-jasmine/e2e-tests/pages/homepage.js:27:34)
    at UserContext.<anonymous> (/Users/user/IdeaProjects/rashid-protractor-jasmine/e2e-tests/tests/calculator.js:22:18)
    at /Users/user/IdeaProjects/rashid-protractor-jasmine/node_modules/jasminewd2/index.js:112:25
    at new ManagedPromise (/Users/user/IdeaProjects/rashid-protractor-jasmine/node_modules/selenium-webdriver/lib/promise.js:1077:7)
    at ControlFlow.promise (/Users/user/IdeaProjects/rashid-protractor-jasmine/node_modules/selenium-webdriver/lib/promise.js:2505:12)
    at schedulerExecute (/Users/user/IdeaProjects/rashid-protractor-jasmine/node_modules/jasminewd2/index.js:95:18)
    at TaskQueue.execute_ (/Users/user/IdeaProjects/rashid-protractor-jasmine/node_modules/selenium-webdriver/lib/promise.js:3084:14)
    at TaskQueue.executeNext_ (/Users/user/IdeaProjects/rashid-protractor-jasmine/node_modules/selenium-webdriver/lib/promise.js:3067:27)
    at /Users/user/IdeaProjects/rashid-protractor-jasmine/node_modules/selenium-webdriver/lib/promise.js:2974:25]]>
   </failure>
  </testcase>
 </testsuite>
</testsuites>